Determining if the pthread_create exist failed with the following output:
Change Dir: /home/SENSETIME/panyue/pyfolder/codes/GH-ICP/build/CMakeFiles/CMakeTmp

Run Build Command:"/usr/bin/make" "cmTC_6649f/fast"
/usr/bin/make -f CMakeFiles/cmTC_6649f.dir/build.make CMakeFiles/cmTC_6649f.dir/build
make[1]: Entering directory '/home/SENSETIME/panyue/pyfolder/codes/GH-ICP/build/CMakeFiles/CMakeTmp'
Building C object CMakeFiles/cmTC_6649f.dir/CheckSymbolExists.c.o
/usr/bin/cc     -o CMakeFiles/cmTC_6649f.dir/CheckSymbolExists.c.o   -c /home/SENSETIME/panyue/pyfolder/codes/GH-ICP/build/CMakeFiles/CMakeTmp/CheckSymbolExists.c
Linking C executable cmTC_6649f
/usr/bin/cmake -E cmake_link_script CMakeFiles/cmTC_6649f.dir/link.txt --verbose=1
/usr/bin/cc       CMakeFiles/cmTC_6649f.dir/CheckSymbolExists.c.o  -o cmTC_6649f -rdynamic 
CMakeFiles/cmTC_6649f.dir/CheckSymbolExists.c.o: In function `main':
CheckSymbolExists.c:(.text+0x16): undefined reference to `pthread_create'
collect2: error: ld returned 1 exit status
CMakeFiles/cmTC_6649f.dir/build.make:97: recipe for target 'cmTC_6649f' failed
make[1]: *** [cmTC_6649f] Error 1
make[1]: Leaving directory '/home/SENSETIME/panyue/pyfolder/codes/GH-ICP/build/CMakeFiles/CMakeTmp'
Makefile:126: recipe for target 'cmTC_6649f/fast' failed
make: *** [cmTC_6649f/fast] Error 2

File /home/SENSETIME/panyue/pyfolder/codes/GH-ICP/build/CMakeFiles/CMakeTmp/CheckSymbolExists.c:
/* */
#include <pthread.h>

int main(int argc, char** argv)
{
  (void)argv;
#ifndef pthread_create
  return ((int*)(&pthread_create))[argc];
#else
  (void)argc;
  return 0;
#endif
}

Determining if the function pthread_create exists in the pthreads failed with the following output:
Change Dir: /home/SENSETIME/panyue/pyfolder/codes/GH-ICP/build/CMakeFiles/CMakeTmp

Run Build Command:"/usr/bin/make" "cmTC_84dda/fast"
/usr/bin/make -f CMakeFiles/cmTC_84dda.dir/build.make CMakeFiles/cmTC_84dda.dir/build
make[1]: Entering directory '/home/SENSETIME/panyue/pyfolder/codes/GH-ICP/build/CMakeFiles/CMakeTmp'
Building C object CMakeFiles/cmTC_84dda.dir/CheckFunctionExists.c.o
/usr/bin/cc    -DCHECK_FUNCTION_EXISTS=pthread_create   -o CMakeFiles/cmTC_84dda.dir/CheckFunctionExists.c.o   -c /usr/share/cmake-3.5/Modules/CheckFunctionExists.c
Linking C executable cmTC_84dda
/usr/bin/cmake -E cmake_link_script CMakeFiles/cmTC_84dda.dir/link.txt --verbose=1
/usr/bin/cc   -DCHECK_FUNCTION_EXISTS=pthread_create    CMakeFiles/cmTC_84dda.dir/CheckFunctionExists.c.o  -o cmTC_84dda -rdynamic -lpthreads 
/usr/bin/ld: cannot find -lpthreads
collect2: error: ld returned 1 exit status
CMakeFiles/cmTC_84dda.dir/build.make:97: recipe for target 'cmTC_84dda' failed
make[1]: *** [cmTC_84dda] Error 1
make[1]: Leaving directory '/home/SENSETIME/panyue/pyfolder/codes/GH-ICP/build/CMakeFiles/CMakeTmp'
Makefile:126: recipe for target 'cmTC_84dda/fast' failed
make: *** [cmTC_84dda/fast] Error 2


